# JRE version: Java(TM) SE Runtime Environment (8.0_261-b12) (build 1.8.0_261-b12)
# Java VM: Java HotSpot(TM) 64-Bit Server VM (25.261-b12 mixed mode windows-amd64 compressed oops)
Heap:
 PSYoungGen      total 212480K, used 162308K [0x00000000d5c00000, 0x00000000e8500000, 0x0000000100000000)
  eden space 201216K, 75% used [0x00000000d5c00000,0x00000000def86288,0x00000000e2080000)
  from space 11264K, 99% used [0x00000000e2080000,0x00000000e2b7ad98,0x00000000e2b80000)
  to   space 16896K, 0% used [0x00000000e7480000,0x00000000e7480000,0x00000000e8500000)
 ParOldGen       total 75264K, used 24526K [0x0000000081400000, 0x0000000085d80000, 0x00000000d5c00000)
  object space 75264K, 32% used [0x0000000081400000,0x0000000082bf3b78,0x0000000085d80000)
 Metaspace       used 55771K, capacity 58306K, committed 58584K, reserved 1099776K
  class space    used 7658K, capacity 8103K, committed 8152K, reserved 1048576K
GC Heap History (10 events):
Event: 4.077 GC heap before
{Heap before GC invocations=7 (full 1):
 PSYoungGen      total 71680K, used 66535K [0x00000000d5c00000, 0x00000000dee00000, 0x0000000100000000)
  eden space 66560K, 99% used [0x00000000d5c00000,0x00000000d9cf9e28,0x00000000d9d00000)
  from space 5120K, 0% used [0x00000000d9d00000,0x00000000d9d00000,0x00000000da200000)
  to   space 8192K, 0% used [0x00000000de600000,0x00000000de600000,0x00000000dee00000)
 ParOldGen       total 50688K, used 6243K [0x0000000081400000, 0x0000000084580000, 0x00000000d5c00000)
  object space 50688K, 12% used [0x0000000081400000,0x0000000081a18d10,0x0000000084580000)
 Metaspace       used 24407K, capacity 25046K, committed 25216K, reserved 1071104K
  class space    used 3139K, capacity 3333K, committed 3456K, reserved 1048576K
Event: 4.131 GC heap after
Heap after GC invocations=7 (full 1):
 PSYoungGen      total 122368K, used 4735K [0x00000000d5c00000, 0x00000000deb00000, 0x0000000100000000)
  eden space 117248K, 0% used [0x00000000d5c00000,0x00000000d5c00000,0x00000000dce80000)
  from space 5120K, 92% used [0x00000000de600000,0x00000000dea9ffb0,0x00000000deb00000)
  to   space 8192K, 0% used [0x00000000ddb00000,0x00000000ddb00000,0x00000000de300000)
 ParOldGen       total 50688K, used 6251K [0x0000000081400000, 0x0000000084580000, 0x00000000d5c00000)
  object space 50688K, 12% used [0x0000000081400000,0x0000000081a1ad10,0x0000000084580000)
 Metaspace       used 24407K, capacity 25046K, committed 25216K, reserved 1071104K
  class space    used 3139K, capacity 3333K, committed 3456K, reserved 1048576K
}
Event: 11.214 GC heap before
{Heap before GC invocations=8 (full 1):
 PSYoungGen      total 122368K, used 121983K [0x00000000d5c00000, 0x00000000deb00000, 0x0000000100000000)
  eden space 117248K, 100% used [0x00000000d5c00000,0x00000000dce80000,0x00000000dce80000)
  from space 5120K, 92% used [0x00000000de600000,0x00000000dea9ffb0,0x00000000deb00000)
  to   space 8192K, 0% used [0x00000000ddb00000,0x00000000ddb00000,0x00000000de300000)
 ParOldGen       total 50688K, used 6251K [0x0000000081400000, 0x0000000084580000, 0x00000000d5c00000)
  object space 50688K, 12% used [0x0000000081400000,0x0000000081a1ad10,0x0000000084580000)
 Metaspace       used 31161K, capacity 32328K, committed 32512K, reserved 1077248K
  class space    used 4040K, capacity 4288K, committed 4352K, reserved 1048576K
Event: 11.281 GC heap after
Heap after GC invocations=8 (full 1):
 PSYoungGen      total 138240K, used 8182K [0x00000000d5c00000, 0x00000000e3600000, 0x0000000100000000)
  eden space 130048K, 0% used [0x00000000d5c00000,0x00000000d5c00000,0x00000000ddb00000)
  from space 8192K, 99% used [0x00000000ddb00000,0x00000000de2fdab0,0x00000000de300000)
  to   space 10752K, 0% used [0x00000000e2b80000,0x00000000e2b80000,0x00000000e3600000)
 ParOldGen       total 50688K, used 9718K [0x0000000081400000, 0x0000000084580000, 0x00000000d5c00000)
  object space 50688K, 19% used [0x0000000081400000,0x0000000081d7d938,0x0000000084580000)
 Metaspace       used 31161K, capacity 32328K, committed 32512K, reserved 1077248K
  class space    used 4040K, capacity 4288K, committed 4352K, reserved 1048576K
}
Event: 12.339 GC heap before
{Heap before GC invocations=9 (full 1):
 PSYoungGen      total 138240K, used 23926K [0x00000000d5c00000, 0x00000000e3600000, 0x0000000100000000)
  eden space 130048K, 12% used [0x00000000d5c00000,0x00000000d6b5fd50,0x00000000ddb00000)
  from space 8192K, 99% used [0x00000000ddb00000,0x00000000de2fdab0,0x00000000de300000)
  to   space 10752K, 0% used [0x00000000e2b80000,0x00000000e2b80000,0x00000000e3600000)
 ParOldGen       total 50688K, used 9718K [0x0000000081400000, 0x0000000084580000, 0x00000000d5c00000)
  object space 50688K, 19% used [0x0000000081400000,0x0000000081d7d938,0x0000000084580000)
 Metaspace       used 34136K, capacity 35280K, committed 35416K, reserved 1079296K
  class space    used 4339K, capacity 4610K, committed 4696K, reserved 1048576K
Event: 12.383 GC heap after
Heap after GC invocations=9 (full 1):
 PSYoungGen      total 211968K, used 9564K [0x00000000d5c00000, 0x00000000e4d00000, 0x0000000100000000)
  eden space 201216K, 0% used [0x00000000d5c00000,0x00000000d5c00000,0x00000000e2080000)
  from space 10752K, 88% used [0x00000000e2b80000,0x00000000e34d73d0,0x00000000e3600000)
  to   space 11264K, 0% used [0x00000000e2080000,0x00000000e2080000,0x00000000e2b80000)
 ParOldGen       total 50688K, used 9726K [0x0000000081400000, 0x0000000084580000, 0x00000000d5c00000)
  object space 50688K, 19% used [0x0000000081400000,0x0000000081d7f938,0x0000000084580000)
 Metaspace       used 34136K, capacity 35280K, committed 35416K, reserved 1079296K
  class space    used 4339K, capacity 4610K, committed 4696K, reserved 1048576K
}
Event: 12.383 GC heap before
{Heap before GC invocations=10 (full 2):
 PSYoungGen      total 211968K, used 9564K [0x00000000d5c00000, 0x00000000e4d00000, 0x0000000100000000)
  eden space 201216K, 0% used [0x00000000d5c00000,0x00000000d5c00000,0x00000000e2080000)
  from space 10752K, 88% used [0x00000000e2b80000,0x00000000e34d73d0,0x00000000e3600000)
  to   space 11264K, 0% used [0x00000000e2080000,0x00000000e2080000,0x00000000e2b80000)
 ParOldGen       total 50688K, used 9726K [0x0000000081400000, 0x0000000084580000, 0x00000000d5c00000)
  object space 50688K, 19% used [0x0000000081400000,0x0000000081d7f938,0x0000000084580000)
 Metaspace       used 34136K, capacity 35280K, committed 35416K, reserved 1079296K
  class space    used 4339K, capacity 4610K, committed 4696K, reserved 1048576K
Event: 12.663 GC heap after
Heap after GC invocations=10 (full 2):
 PSYoungGen      total 211968K, used 0K [0x00000000d5c00000, 0x00000000e4d00000, 0x0000000100000000)
  eden space 201216K, 0% used [0x00000000d5c00000,0x00000000d5c00000,0x00000000e2080000)
  from space 10752K, 0% used [0x00000000e2b80000,0x00000000e2b80000,0x00000000e3600000)
  to   space 11264K, 0% used [0x00000000e2080000,0x00000000e2080000,0x00000000e2b80000)
 ParOldGen       total 75264K, used 13799K [0x0000000081400000, 0x0000000085d80000, 0x00000000d5c00000)
  object space 75264K, 18% used [0x0000000081400000,0x0000000082179e80,0x0000000085d80000)
 Metaspace       used 34136K, capacity 35280K, committed 35416K, reserved 1079296K
  class space    used 4339K, capacity 4610K, committed 4696K, reserved 1048576K
}
Event: 18.632 GC heap before
{Heap before GC invocations=11 (full 2):
 PSYoungGen      total 211968K, used 201216K [0x00000000d5c00000, 0x00000000e4d00000, 0x0000000100000000)
  eden space 201216K, 100% used [0x00000000d5c00000,0x00000000e2080000,0x00000000e2080000)
  from space 10752K, 0% used [0x00000000e2b80000,0x00000000e2b80000,0x00000000e3600000)
  to   space 11264K, 0% used [0x00000000e2080000,0x00000000e2080000,0x00000000e2b80000)
 ParOldGen       total 75264K, used 13799K [0x0000000081400000, 0x0000000085d80000, 0x00000000d5c00000)
  object space 75264K, 18% used [0x0000000081400000,0x0000000082179e80,0x0000000085d80000)
 Metaspace       used 53113K, capacity 55258K, committed 55384K, reserved 1097728K
  class space    used 7279K, capacity 7667K, committed 7768K, reserved 1048576K
Event: 18.670 GC heap after
Heap after GC invocations=11 (full 2):
 PSYoungGen      total 212480K, used 11243K [0x00000000d5c00000, 0x00000000e8500000, 0x0000000100000000)
  eden space 201216K, 0% used [0x00000000d5c00000,0x00000000d5c00000,0x00000000e2080000)
  from space 11264K, 99% used [0x00000000e2080000,0x00000000e2b7ad98,0x00000000e2b80000)
  to   space 16896K, 0% used [0x00000000e7480000,0x00000000e7480000,0x00000000e8500000)
 ParOldGen       total 75264K, used 24526K [0x0000000081400000, 0x0000000085d80000, 0x00000000d5c00000)
  object space 75264K, 32% used [0x0000000081400000,0x0000000082bf3b78,0x0000000085d80000)
 Metaspace       used 53113K, capacity 55258K, committed 55384K, reserved 1097728K
  class space    used 7279K, capacity 7667K, committed 7768K, reserved 1048576K
}

