# JRE version: Java(TM) SE Runtime Environment (8.0_261-b12) (build 1.8.0_261-b12)
# Java VM: Java HotSpot(TM) 64-Bit Server VM (25.261-b12 mixed mode windows-amd64 compressed oops)
Heap:
 PSYoungGen      total 144896K, used 119385K [0x00000000d5c00000, 0x00000000df700000, 0x0000000100000000)
  eden space 132608K, 82% used [0x00000000d5c00000,0x00000000dc736438,0x00000000ddd80000)
  from space 12288K, 78% used [0x00000000dea00000,0x00000000df360040,0x00000000df600000)
  to   space 12800K, 0% used [0x00000000ddd80000,0x00000000ddd80000,0x00000000dea00000)
 ParOldGen       total 87552K, used 12202K [0x0000000081400000, 0x0000000086980000, 0x00000000d5c00000)
  object space 87552K, 13% used [0x0000000081400000,0x0000000081feaa40,0x0000000086980000)
 Metaspace       used 20009K, capacity 20508K, committed 20608K, reserved 1067008K
  class space    used 2273K, capacity 2428K, committed 2432K, reserved 1048576K
GC Heap History (10 events):
Event: 4.161 GC heap before
{Heap before GC invocations=2 (full 0):
 PSYoungGen      total 38400K, used 38278K [0x00000000d5c00000, 0x00000000d8680000, 0x0000000100000000)
  eden space 33280K, 100% used [0x00000000d5c00000,0x00000000d7c80000,0x00000000d7c80000)
  from space 5120K, 97% used [0x00000000d7c80000,0x00000000d81618f8,0x00000000d8180000)
  to   space 5120K, 0% used [0x00000000d8180000,0x00000000d8180000,0x00000000d8680000)
 ParOldGen       total 87552K, used 8K [0x0000000081400000, 0x0000000086980000, 0x00000000d5c00000)
  object space 87552K, 0% used [0x0000000081400000,0x0000000081402000,0x0000000086980000)
 Metaspace       used 11222K, capacity 11340K, committed 11520K, reserved 1058816K
  class space    used 1350K, capacity 1413K, committed 1536K, reserved 1048576K
Event: 4.171 GC heap after
Heap after GC invocations=2 (full 0):
 PSYoungGen      total 38400K, used 5089K [0x00000000d5c00000, 0x00000000d8680000, 0x0000000100000000)
  eden space 33280K, 0% used [0x00000000d5c00000,0x00000000d5c00000,0x00000000d7c80000)
  from space 5120K, 99% used [0x00000000d8180000,0x00000000d86786a0,0x00000000d8680000)
  to   space 5120K, 0% used [0x00000000d7c80000,0x00000000d7c80000,0x00000000d8180000)
 ParOldGen       total 87552K, used 720K [0x0000000081400000, 0x0000000086980000, 0x00000000d5c00000)
  object space 87552K, 0% used [0x0000000081400000,0x00000000814b4220,0x0000000086980000)
 Metaspace       used 11222K, capacity 11340K, committed 11520K, reserved 1058816K
  class space    used 1350K, capacity 1413K, committed 1536K, reserved 1048576K
}
Event: 5.380 GC heap before
{Heap before GC invocations=3 (full 0):
 PSYoungGen      total 38400K, used 38369K [0x00000000d5c00000, 0x00000000d8680000, 0x0000000100000000)
  eden space 33280K, 100% used [0x00000000d5c00000,0x00000000d7c80000,0x00000000d7c80000)
  from space 5120K, 99% used [0x00000000d8180000,0x00000000d86786a0,0x00000000d8680000)
  to   space 5120K, 0% used [0x00000000d7c80000,0x00000000d7c80000,0x00000000d8180000)
 ParOldGen       total 87552K, used 720K [0x0000000081400000, 0x0000000086980000, 0x00000000d5c00000)
  object space 87552K, 0% used [0x0000000081400000,0x00000000814b4220,0x0000000086980000)
 Metaspace       used 14480K, capacity 14692K, committed 14976K, reserved 1062912K
  class space    used 1793K, capacity 1877K, committed 1920K, reserved 1048576K
Event: 5.410 GC heap after
Heap after GC invocations=3 (full 0):
 PSYoungGen      total 38400K, used 5116K [0x00000000d5c00000, 0x00000000da700000, 0x0000000100000000)
  eden space 33280K, 0% used [0x00000000d5c00000,0x00000000d5c00000,0x00000000d7c80000)
  from space 5120K, 99% used [0x00000000d7c80000,0x00000000d817f188,0x00000000d8180000)
  to   space 5120K, 0% used [0x00000000da200000,0x00000000da200000,0x00000000da700000)
 ParOldGen       total 87552K, used 2363K [0x0000000081400000, 0x0000000086980000, 0x00000000d5c00000)
  object space 87552K, 2% used [0x0000000081400000,0x000000008164ee20,0x0000000086980000)
 Metaspace       used 14480K, capacity 14692K, committed 14976K, reserved 1062912K
  class space    used 1793K, capacity 1877K, committed 1920K, reserved 1048576K
}
Event: 9.017 GC heap before
{Heap before GC invocations=4 (full 0):
 PSYoungGen      total 38400K, used 38396K [0x00000000d5c00000, 0x00000000da700000, 0x0000000100000000)
  eden space 33280K, 100% used [0x00000000d5c00000,0x00000000d7c80000,0x00000000d7c80000)
  from space 5120K, 99% used [0x00000000d7c80000,0x00000000d817f188,0x00000000d8180000)
  to   space 5120K, 0% used [0x00000000da200000,0x00000000da200000,0x00000000da700000)
 ParOldGen       total 87552K, used 2363K [0x0000000081400000, 0x0000000086980000, 0x00000000d5c00000)
  object space 87552K, 2% used [0x0000000081400000,0x000000008164ee20,0x0000000086980000)
 Metaspace       used 15635K, capacity 15938K, committed 16128K, reserved 1062912K
  class space    used 1893K, capacity 2010K, committed 2048K, reserved 1048576K
Event: 9.315 GC heap after
Heap after GC invocations=4 (full 0):
 PSYoungGen      total 71680K, used 5088K [0x00000000d5c00000, 0x00000000da700000, 0x0000000100000000)
  eden space 66560K, 0% used [0x00000000d5c00000,0x00000000d5c00000,0x00000000d9d00000)
  from space 5120K, 99% used [0x00000000da200000,0x00000000da6f8020,0x00000000da700000)
  to   space 5120K, 0% used [0x00000000d9d00000,0x00000000d9d00000,0x00000000da200000)
 ParOldGen       total 87552K, used 6340K [0x0000000081400000, 0x0000000086980000, 0x00000000d5c00000)
  object space 87552K, 7% used [0x0000000081400000,0x0000000081a31040,0x0000000086980000)
 Metaspace       used 15635K, capacity 15938K, committed 16128K, reserved 1062912K
  class space    used 1893K, capacity 2010K, committed 2048K, reserved 1048576K
}
Event: 13.536 GC heap before
{Heap before GC invocations=5 (full 0):
 PSYoungGen      total 71680K, used 71648K [0x00000000d5c00000, 0x00000000da700000, 0x0000000100000000)
  eden space 66560K, 100% used [0x00000000d5c00000,0x00000000d9d00000,0x00000000d9d00000)
  from space 5120K, 99% used [0x00000000da200000,0x00000000da6f8020,0x00000000da700000)
  to   space 5120K, 0% used [0x00000000d9d00000,0x00000000d9d00000,0x00000000da200000)
 ParOldGen       total 87552K, used 6340K [0x0000000081400000, 0x0000000086980000, 0x00000000d5c00000)
  object space 87552K, 7% used [0x0000000081400000,0x0000000081a31040,0x0000000086980000)
 Metaspace       used 16110K, capacity 16382K, committed 16640K, reserved 1064960K
  class space    used 1922K, capacity 2020K, committed 2048K, reserved 1048576K
Event: 13.582 GC heap after
Heap after GC invocations=5 (full 0):
 PSYoungGen      total 71680K, used 5104K [0x00000000d5c00000, 0x00000000df600000, 0x0000000100000000)
  eden space 66560K, 0% used [0x00000000d5c00000,0x00000000d5c00000,0x00000000d9d00000)
  from space 5120K, 99% used [0x00000000d9d00000,0x00000000da1fc030,0x00000000da200000)
  to   space 12288K, 0% used [0x00000000dea00000,0x00000000dea00000,0x00000000df600000)
 ParOldGen       total 87552K, used 12194K [0x0000000081400000, 0x0000000086980000, 0x00000000d5c00000)
  object space 87552K, 13% used [0x0000000081400000,0x0000000081fe8a40,0x0000000086980000)
 Metaspace       used 16110K, capacity 16382K, committed 16640K, reserved 1064960K
  class space    used 1922K, capacity 2020K, committed 2048K, reserved 1048576K
}
Event: 15.381 GC heap before
{Heap before GC invocations=6 (full 0):
 PSYoungGen      total 71680K, used 71664K [0x00000000d5c00000, 0x00000000df600000, 0x0000000100000000)
  eden space 66560K, 100% used [0x00000000d5c00000,0x00000000d9d00000,0x00000000d9d00000)
  from space 5120K, 99% used [0x00000000d9d00000,0x00000000da1fc030,0x00000000da200000)
  to   space 12288K, 0% used [0x00000000dea00000,0x00000000dea00000,0x00000000df600000)
 ParOldGen       total 87552K, used 12194K [0x0000000081400000, 0x0000000086980000, 0x00000000d5c00000)
  object space 87552K, 13% used [0x0000000081400000,0x0000000081fe8a40,0x0000000086980000)
 Metaspace       used 16572K, capacity 16942K, committed 17280K, reserved 1064960K
  class space    used 1940K, capacity 2054K, committed 2176K, reserved 1048576K
Event: 15.404 GC heap after
Heap after GC invocations=6 (full 0):
 PSYoungGen      total 144896K, used 9600K [0x00000000d5c00000, 0x00000000df700000, 0x0000000100000000)
  eden space 132608K, 0% used [0x00000000d5c00000,0x00000000d5c00000,0x00000000ddd80000)
  from space 12288K, 78% used [0x00000000dea00000,0x00000000df360040,0x00000000df600000)
  to   space 12800K, 0% used [0x00000000ddd80000,0x00000000ddd80000,0x00000000dea00000)
 ParOldGen       total 87552K, used 12202K [0x0000000081400000, 0x0000000086980000, 0x00000000d5c00000)
  object space 87552K, 13% used [0x0000000081400000,0x0000000081feaa40,0x0000000086980000)
 Metaspace       used 16572K, capacity 16942K, committed 17280K, reserved 1064960K
  class space    used 1940K, capacity 2054K, committed 2176K, reserved 1048576K
}

