# JRE version: Java(TM) SE Runtime Environment (8.0_261-b12) (build 1.8.0_261-b12)
# Java VM: Java HotSpot(TM) 64-Bit Server VM (25.261-b12 mixed mode windows-amd64 compressed oops)
Heap:
 PSYoungGen      total 198656K, used 141200K [0x00000000d5c00000, 0x00000000e7000000, 0x0000000100000000)
  eden space 186880K, 69% used [0x00000000d5c00000,0x00000000dda68b28,0x00000000e1280000)
  from space 11776K, 99% used [0x00000000e1280000,0x00000000e1dfb628,0x00000000e1e00000)
  to   space 16896K, 0% used [0x00000000e5f80000,0x00000000e5f80000,0x00000000e7000000)
 ParOldGen       total 78848K, used 22929K [0x0000000081400000, 0x0000000086100000, 0x00000000d5c00000)
  object space 78848K, 29% used [0x0000000081400000,0x0000000082a64620,0x0000000086100000)
 Metaspace       used 55470K, capacity 57934K, committed 58072K, reserved 1099776K
  class space    used 7612K, capacity 8053K, committed 8152K, reserved 1048576K
GC Heap History (10 events):
Event: 4.580 GC heap before
{Heap before GC invocations=7 (full 1):
 PSYoungGen      total 71680K, used 66560K [0x00000000d5c00000, 0x00000000ded00000, 0x0000000100000000)
  eden space 66560K, 100% used [0x00000000d5c00000,0x00000000d9d00000,0x00000000d9d00000)
  from space 5120K, 0% used [0x00000000d9d00000,0x00000000d9d00000,0x00000000da200000)
  to   space 7680K, 0% used [0x00000000de580000,0x00000000de580000,0x00000000ded00000)
 ParOldGen       total 52224K, used 6410K [0x0000000081400000, 0x0000000084700000, 0x00000000d5c00000)
  object space 52224K, 12% used [0x0000000081400000,0x0000000081a42a00,0x0000000084700000)
 Metaspace       used 23143K, capacity 23800K, committed 23936K, reserved 1071104K
  class space    used 2967K, capacity 3146K, committed 3200K, reserved 1048576K
Event: 4.598 GC heap after
Heap after GC invocations=7 (full 1):
 PSYoungGen      total 117760K, used 4345K [0x00000000d5c00000, 0x00000000dea00000, 0x0000000100000000)
  eden space 113152K, 0% used [0x00000000d5c00000,0x00000000d5c00000,0x00000000dca80000)
  from space 4608K, 94% used [0x00000000de580000,0x00000000de9be4f0,0x00000000dea00000)
  to   space 8192K, 0% used [0x00000000dda00000,0x00000000dda00000,0x00000000de200000)
 ParOldGen       total 52224K, used 6418K [0x0000000081400000, 0x0000000084700000, 0x00000000d5c00000)
  object space 52224K, 12% used [0x0000000081400000,0x0000000081a44a00,0x0000000084700000)
 Metaspace       used 23143K, capacity 23800K, committed 23936K, reserved 1071104K
  class space    used 2967K, capacity 3146K, committed 3200K, reserved 1048576K
}
Event: 7.148 GC heap before
{Heap before GC invocations=8 (full 1):
 PSYoungGen      total 117760K, used 117497K [0x00000000d5c00000, 0x00000000dea00000, 0x0000000100000000)
  eden space 113152K, 100% used [0x00000000d5c00000,0x00000000dca80000,0x00000000dca80000)
  from space 4608K, 94% used [0x00000000de580000,0x00000000de9be4f0,0x00000000dea00000)
  to   space 8192K, 0% used [0x00000000dda00000,0x00000000dda00000,0x00000000de200000)
 ParOldGen       total 52224K, used 6418K [0x0000000081400000, 0x0000000084700000, 0x00000000d5c00000)
  object space 52224K, 12% used [0x0000000081400000,0x0000000081a44a00,0x0000000084700000)
 Metaspace       used 31205K, capacity 32328K, committed 32512K, reserved 1077248K
  class space    used 4054K, capacity 4288K, committed 4352K, reserved 1048576K
Event: 7.174 GC heap after
Heap after GC invocations=8 (full 1):
 PSYoungGen      total 137216K, used 8167K [0x00000000d5c00000, 0x00000000e2880000, 0x0000000100000000)
  eden space 129024K, 0% used [0x00000000d5c00000,0x00000000d5c00000,0x00000000dda00000)
  from space 8192K, 99% used [0x00000000dda00000,0x00000000de1f9ed8,0x00000000de200000)
  to   space 10752K, 0% used [0x00000000e1e00000,0x00000000e1e00000,0x00000000e2880000)
 ParOldGen       total 52224K, used 10174K [0x0000000081400000, 0x0000000084700000, 0x00000000d5c00000)
  object space 52224K, 19% used [0x0000000081400000,0x0000000081def850,0x0000000084700000)
 Metaspace       used 31205K, capacity 32328K, committed 32512K, reserved 1077248K
  class space    used 4054K, capacity 4288K, committed 4352K, reserved 1048576K
}
Event: 7.574 GC heap before
{Heap before GC invocations=9 (full 1):
 PSYoungGen      total 137216K, used 23844K [0x00000000d5c00000, 0x00000000e2880000, 0x0000000100000000)
  eden space 129024K, 12% used [0x00000000d5c00000,0x00000000d6b4f1b8,0x00000000dda00000)
  from space 8192K, 99% used [0x00000000dda00000,0x00000000de1f9ed8,0x00000000de200000)
  to   space 10752K, 0% used [0x00000000e1e00000,0x00000000e1e00000,0x00000000e2880000)
 ParOldGen       total 52224K, used 10174K [0x0000000081400000, 0x0000000084700000, 0x00000000d5c00000)
  object space 52224K, 19% used [0x0000000081400000,0x0000000081def850,0x0000000084700000)
 Metaspace       used 34143K, capacity 35280K, committed 35416K, reserved 1079296K
  class space    used 4343K, capacity 4610K, committed 4696K, reserved 1048576K
Event: 7.595 GC heap after
Heap after GC invocations=9 (full 1):
 PSYoungGen      total 197632K, used 9396K [0x00000000d5c00000, 0x00000000e4b00000, 0x0000000100000000)
  eden space 186880K, 0% used [0x00000000d5c00000,0x00000000d5c00000,0x00000000e1280000)
  from space 10752K, 87% used [0x00000000e1e00000,0x00000000e272d1d8,0x00000000e2880000)
  to   space 11776K, 0% used [0x00000000e1280000,0x00000000e1280000,0x00000000e1e00000)
 ParOldGen       total 52224K, used 10182K [0x0000000081400000, 0x0000000084700000, 0x00000000d5c00000)
  object space 52224K, 19% used [0x0000000081400000,0x0000000081df1850,0x0000000084700000)
 Metaspace       used 34143K, capacity 35280K, committed 35416K, reserved 1079296K
  class space    used 4343K, capacity 4610K, committed 4696K, reserved 1048576K
}
Event: 7.595 GC heap before
{Heap before GC invocations=10 (full 2):
 PSYoungGen      total 197632K, used 9396K [0x00000000d5c00000, 0x00000000e4b00000, 0x0000000100000000)
  eden space 186880K, 0% used [0x00000000d5c00000,0x00000000d5c00000,0x00000000e1280000)
  from space 10752K, 87% used [0x00000000e1e00000,0x00000000e272d1d8,0x00000000e2880000)
  to   space 11776K, 0% used [0x00000000e1280000,0x00000000e1280000,0x00000000e1e00000)
 ParOldGen       total 52224K, used 10182K [0x0000000081400000, 0x0000000084700000, 0x00000000d5c00000)
  object space 52224K, 19% used [0x0000000081400000,0x0000000081df1850,0x0000000084700000)
 Metaspace       used 34143K, capacity 35280K, committed 35416K, reserved 1079296K
  class space    used 4343K, capacity 4610K, committed 4696K, reserved 1048576K
Event: 7.720 GC heap after
Heap after GC invocations=10 (full 2):
 PSYoungGen      total 197632K, used 0K [0x00000000d5c00000, 0x00000000e4b00000, 0x0000000100000000)
  eden space 186880K, 0% used [0x00000000d5c00000,0x00000000d5c00000,0x00000000e1280000)
  from space 10752K, 0% used [0x00000000e1e00000,0x00000000e1e00000,0x00000000e2880000)
  to   space 11776K, 0% used [0x00000000e1280000,0x00000000e1280000,0x00000000e1e00000)
 ParOldGen       total 78848K, used 13759K [0x0000000081400000, 0x0000000086100000, 0x00000000d5c00000)
  object space 78848K, 17% used [0x0000000081400000,0x000000008216fde0,0x0000000086100000)
 Metaspace       used 34143K, capacity 35280K, committed 35416K, reserved 1079296K
  class space    used 4343K, capacity 4610K, committed 4696K, reserved 1048576K
}
Event: 14.566 GC heap before
{Heap before GC invocations=11 (full 2):
 PSYoungGen      total 197632K, used 186880K [0x00000000d5c00000, 0x00000000e4b00000, 0x0000000100000000)
  eden space 186880K, 100% used [0x00000000d5c00000,0x00000000e1280000,0x00000000e1280000)
  from space 10752K, 0% used [0x00000000e1e00000,0x00000000e1e00000,0x00000000e2880000)
  to   space 11776K, 0% used [0x00000000e1280000,0x00000000e1280000,0x00000000e1e00000)
 ParOldGen       total 78848K, used 13759K [0x0000000081400000, 0x0000000086100000, 0x00000000d5c00000)
  object space 78848K, 17% used [0x0000000081400000,0x000000008216fde0,0x0000000086100000)
 Metaspace       used 52873K, capacity 55072K, committed 55256K, reserved 1097728K
  class space    used 7245K, capacity 7630K, committed 7640K, reserved 1048576K
Event: 14.661 GC heap after
Heap after GC invocations=11 (full 2):
 PSYoungGen      total 198656K, used 11757K [0x00000000d5c00000, 0x00000000e7000000, 0x0000000100000000)
  eden space 186880K, 0% used [0x00000000d5c00000,0x00000000d5c00000,0x00000000e1280000)
  from space 11776K, 99% used [0x00000000e1280000,0x00000000e1dfb628,0x00000000e1e00000)
  to   space 16896K, 0% used [0x00000000e5f80000,0x00000000e5f80000,0x00000000e7000000)
 ParOldGen       total 78848K, used 22929K [0x0000000081400000, 0x0000000086100000, 0x00000000d5c00000)
  object space 78848K, 29% used [0x0000000081400000,0x0000000082a64620,0x0000000086100000)
 Metaspace       used 52873K, capacity 55072K, committed 55256K, reserved 1097728K
  class space    used 7245K, capacity 7630K, committed 7640K, reserved 1048576K
}

